0.000000,-0.036323,0.116805,-0.006211
9.707031,0.057811,0.170451,-0.072043
19.410156,0.098126,0.243525,-0.041232
29.113281,0.135436,0.350484,0.059246
38.820313,0.170023,0.474328,0.346509
48.523438,0.256516,0.616666,0.657493
58.226563,0.222606,0.824303,0.724625
67.929688,0.094566,1.018393,0.550746
77.636719,0.051712,1.293078,0.422644
87.339844,0.066194,1.682338,0.574414
97.042969,-0.006687,2.216683,0.709829
106.753906,-0.280311,3.005539,0.485144
116.457031,-0.570290,3.975183,0.650882
126.160156,-0.630219,4.962723,0.898914
135.863281,-0.209117,6.108075,1.613358
145.570313,0.391306,6.738082,2.712110
155.273438,1.028076,7.289701,3.799382
164.976563,1.362562,7.470875,4.697372
174.683594,1.419630,7.315493,5.657709
184.386719,1.314738,6.853581,5.920365
194.089844,1.054817,6.253602,5.385772
203.792969,0.930161,5.665176,4.749187
213.503906,1.047623,4.793514,4.054710
223.207031,1.394941,3.656217,3.276432
232.910156,1.328041,2.666805,2.352514
242.617188,0.836515,1.596026,1.470148
252.320313,0.297687,0.515549,0.491752
262.023438,-0.032660,-0.539334,-0.367217
271.726563,-0.176346,-1.591762,-0.816491
281.433594,-0.186802,-2.711304,-1.064169
291.136719,-0.199297,-3.719291,-1.386559
300.839844,-0.196833,-4.678422,-1.516369
310.546875,-0.346163,-5.343691,-1.485657
320.253906,-0.520435,-6.002979,-1.494874
329.957031,-0.690207,-6.461338,-1.564566
339.691406,-0.733304,-6.877286,-1.687859
349.394531,-0.765074,-7.086669,-1.593728
359.097656,-0.785456,-7.460467,-1.578024
368.804688,-0.778629,-7.674136,-1.357947
378.507813,-0.736017,-7.835909,-1.118147
388.214844,-0.684752,-8.032267,-0.801020
397.925781,-0.635028,-8.172798,-0.606577
407.628906,-0.584990,-8.293653,-0.659144
417.335938,-0.580656,-8.266046,-0.767720
427.039063,-0.564712,-8.061651,-0.918759
436.742188,-0.481303,-7.929080,-1.060366
446.445313,-0.539492,-7.698540,-1.129071
456.152344,-0.588599,-7.415540,-0.972731
465.855469,-0.554729,-6.994329,-0.742852
475.558594,-0.432988,-6.504497,-0.750276
485.269531,-0.356418,-6.029665,-0.779194
494.972656,-0.219343,-5.509927,-0.756573
504.675781,-0.080835,-4.921342,-0.790219
514.378906,0.090914,-4.500208,-0.708388
524.085938,0.098848,-4.109961,-0.680291
533.789063,0.112980,-3.805272,-0.782172
543.492188,0.284150,-3.540190,-0.793717
553.199219,0.310408,-3.237898,-0.811671
562.902344,0.113966,-2.728751,-0.934349
572.605469,-0.090873,-1.874277,-0.986388
582.308594,-0.066605,-0.736822,-1.109894
592.019531,0.278052,0.275508,-1.112960
601.722656,0.760107,1.101474,-0.860044
611.425781,1.248235,1.633937,-0.511155
621.132813,1.460388,2.069131,-0.321810
630.835938,1.176350,2.624697,0.012241
640.539063,0.496538,3.281112,0.479085
650.242188,-0.054403,3.655706,1.077442
659.949219,-0.405469,4.177472,1.404259
669.652344,-1.027795,5.279208,1.241194
679.355469,-2.429988,6.806323,0.890083
689.062500,-3.568407,7.543870,1.095094
698.765625,-4.070183,7.264577,1.786145
708.472656,-3.782814,7.211955,2.758203
718.175781,-2.729849,7.018873,3.567510
727.882813,-1.010169,6.332238,3.977962
737.585938,0.720623,5.658548,4.164768
747.289063,2.547288,4.819792,4.521250
756.996094,4.282192,4.028464,5.249049
766.699219,5.196692,3.249099,5.496515
776.402344,4.839395,2.768044,4.261407
786.105469,3.671539,2.183007,2.698871
795.812500,2.665093,1.617899,1.781430
805.515625,2.026412,1.102542,1.517493
815.222656,1.393059,0.627528,1.428155
824.929688,0.763808,0.194485,1.505862
834.632813,0.124012,-0.116656,1.725204
844.335938,-0.414007,-0.376733,1.734676
854.039063,-0.839181,-0.548088,1.469932
863.746094,-0.962894,-0.718964,1.079338
873.449219,-0.966485,-0.797742,0.620750
883.152344,-0.862825,-0.876538,0.139013
892.859375,-0.700200,-0.865849,-0.237551
902.562500,-0.501395,-0.853556,-0.460948
912.300781,-0.270218,-0.863186,-0.651995
922.003906,-0.077513,-0.872995,-0.682725
931.707031,0.031380,-0.856915,-0.591325
941.410156,0.006178,-0.800997,-0.546917
951.117188,-0.062198,-0.784409,-0.531978
960.820313,-0.182670,-0.733370,-0.500529
970.523438,-0.304454,-0.700427,-0.507670
980.230469,-0.453099,-0.659321,-0.467400
989.937500,-0.624051,-0.622117,-0.317509
999.640625,-0.785573,-0.567533,-0.262828
1009.343750,-0.882382,-0.450443,-0.156827
1019.050781,-0.863727,-0.402550,-0.072832
1028.753906,-0.813990,-0.294901,0.006241
1038.457031,-0.658839,-0.209036,0.083254
1048.164063,-0.471448,-0.145190,0.068161
1057.867188,-0.310165,-0.124718,-0.079710
1067.570313,-0.139883,-0.096674,-0.240284
1077.273438,0.002804,-0.070001,-0.167082
1086.980469,0.052395,-0.051997,-0.013201
1096.687500,-0.055505,-0.031252,0.172381
1106.390625,-0.124165,-0.001123,0.288527
1116.097656,-0.183302,-0.021663,0.286237
1125.800781,-0.185753,-0.040193,0.282821
1135.503906,-0.131826,-0.044801,0.290175
1145.207031,-0.126806,-0.037684,0.281479
1154.914063,-0.189456,-0.042742,0.268698
1164.617188,-0.219226,-0.050563,0.192657
1174.320313,-0.197104,-0.056149,0.024200
1184.027344,-0.146750,-0.044742,-0.075249
1193.730469,-0.103657,-0.066436,-0.156253
1203.437500,-0.050536,-0.090033,-0.250127
1213.140625,-0.056298,-0.065314,-0.247371
1222.847656,-0.054400,-0.087974,-0.198057
1232.550781,-0.141087,-0.019618,-0.137555
