0.000000,-0.021500,0.122200,0.049000
9.996094,-0.078700,0.073400,0.144100
20.000000,-0.174900,-0.063800,0.016300
29.996094,-0.321000,-0.162200,-0.226000
40.000000,-0.321100,-0.192100,-0.505600
49.996094,-0.283500,-0.192400,-0.628900
59.996094,-0.217500,-0.143500,-0.803700
70.000000,-0.181400,-0.172500,-0.698500
79.996094,-0.106500,-0.112700,-0.442100
90.000000,-0.100000,-0.013300,-0.209600
99.996094,-0.063800,0.105800,0.011700
109.996094,-0.027300,0.244500,0.048400
120.000000,0.039500,0.441600,-0.049100
129.996094,0.088200,0.648300,-0.359800
140.000000,0.207900,0.913600,-0.542500
149.996094,0.213100,1.130000,-0.569100
159.996094,0.074300,1.503400,-0.510100
170.000000,-0.102100,2.053800,-0.544000
179.996094,-0.052400,2.781300,-0.407100
190.000000,-0.002800,3.725100,-0.058400
199.996094,0.116700,4.904300,0.378600
209.996094,0.414800,6.014300,0.869800
220.000000,0.512400,6.877700,1.048200
229.996094,0.154900,7.327400,1.299900
240.000000,-0.083200,7.785200,1.282100
249.996094,-0.362100,7.986800,1.433400
259.996094,-0.594900,7.864000,1.741800
270.000000,-0.264300,7.573500,2.139900
279.996094,0.139400,7.076200,2.454300
290.000000,0.461100,6.323100,2.607600
299.996094,0.594900,5.412800,2.706400
309.996094,0.386900,4.218100,2.673100
320.000000,0.191500,2.886600,2.292000
329.996094,-0.217400,1.448500,1.581500
340.000000,-0.742700,0.002400,0.636600
349.996094,-1.013100,-1.274600,-0.067800
360.000000,-1.047700,-2.529400,-0.372800
369.996094,-0.964400,-3.625100,-0.168000
380.000000,-0.715500,-4.552500,0.325400
390.000000,-0.362500,-5.214200,0.978400
400.000000,-0.190500,-5.659700,1.618600
410.000000,-0.237300,-6.026000,1.861800
419.996094,-0.394600,-6.253800,1.999900
429.996094,-0.350200,-6.195600,1.939900
440.000000,0.022600,-6.086000,1.477900
449.996094,0.275300,-6.121200,0.553500
460.000000,0.292400,-6.360400,-0.310000
469.996094,0.297700,-6.585800,-0.853000
479.996094,0.131900,-6.740000,-1.221200
490.000000,-0.102800,-6.883500,-1.509700
499.996094,-0.502200,-6.971000,-1.633100
510.000000,-0.577000,-6.944500,-1.406600
519.996094,-0.369200,-6.921600,-0.809900
529.996094,-0.094900,-6.842900,-0.142200
540.000000,0.080300,-6.707200,0.368000
549.996094,0.246700,-6.454200,0.493000
560.000000,0.335500,-6.181400,0.227100
569.996094,0.464500,-5.898500,-0.301800
579.996094,0.555800,-5.635600,-0.725100
590.000000,0.492200,-5.491700,-0.941000
599.996094,0.214500,-5.467900,-1.072900
610.000000,-0.052900,-5.495900,-1.026800
619.996094,-0.339700,-5.644300,-0.725700
629.996094,-0.519900,-5.755700,-0.287100
640.000000,-0.496200,-5.682200,0.574600
649.996094,-0.473200,-5.305000,1.335200
660.000000,-0.588000,-4.799100,1.690300
669.996094,-0.763200,-4.055700,1.717600
680.000000,-0.931800,-3.104000,1.381100
689.996094,-1.082900,-2.415200,0.779400
699.996094,-1.066500,-2.009100,0.157000
710.000000,-0.822000,-1.601900,-0.753400
719.996094,-0.427200,-1.252900,-1.617200
730.000000,-0.087800,-0.923400,-2.280300
739.996094,0.163300,-0.446200,-2.404800
749.996094,0.400900,0.670200,-2.029600
760.000000,0.527800,2.006200,-0.660400
769.996094,0.519500,3.053200,0.758300
780.000000,0.359000,3.811200,1.522000
789.996094,0.273700,4.337100,1.540300
799.996094,0.214200,4.864600,0.888000
810.000000,0.383000,5.716800,0.125800
819.996094,0.424100,6.601000,-0.212900
830.000000,0.278600,7.303500,-0.073000
839.996094,0.143200,7.845000,0.739100
849.996094,0.155700,8.244100,1.762800
860.000000,0.023700,8.586300,2.736900
869.996094,-0.242500,8.692200,3.553200
880.000000,-0.577900,8.716599,4.237000
889.996094,-0.730600,8.559100,4.576300
900.000000,-0.839800,8.179100,4.925900
910.000000,-0.888100,7.663500,4.964000
919.996094,-0.729600,6.933100,4.593200
930.000000,-0.519500,6.223900,4.134500
939.996094,-0.226300,5.517900,3.690100
949.996094,-0.092500,4.689200,3.460900
960.000000,-0.017900,3.817500,3.247600
969.996094,-0.062200,2.900300,2.945100
980.000000,-0.079400,1.958800,2.348600
989.996094,-0.105200,0.980600,1.679600
1000.000000,-0.168900,0.050800,0.912700
1009.996094,-0.133900,-0.800000,0.073100
1019.996094,0.037700,-1.511700,-0.677700
1030.000000,0.179100,-2.142400,-1.344200
1039.996094,0.143700,-2.583800,-1.812600
1050.000000,0.127400,-2.786300,-1.871300
1059.996094,0.315800,-2.877800,-1.591000
1069.996094,0.407400,-2.907800,-1.303900
1080.000000,0.355400,-2.926000,-1.038100
1089.996094,0.141400,-2.933200,-1.045400
1100.000000,0.011100,-2.988500,-1.284400
1109.996094,0.031900,-3.013400,-1.569700
1119.996094,0.153800,-2.978400,-1.688900
1130.000000,0.169600,-2.912500,-1.556200
1139.996094,0.068700,-2.767000,-1.298600
1150.000000,-0.130500,-2.591000,-1.001900
1159.996094,-0.301600,-2.326000,-0.878400
1169.996094,-0.229500,-1.992000,-0.886200
1180.000000,-0.090700,-1.647800,-0.955100
1189.996094,-0.011700,-1.264000,-1.026700
1200.000000,-0.030100,-0.997500,-1.092800
1209.996094,-0.115100,-0.691400,-1.212400
1219.996094,-0.247500,-0.443500,-1.278400
1230.000000,-0.339700,-0.312400,-1.185200
1239.996094,-0.265200,-0.190100,-0.893700
1250.000000,-0.191500,-0.047200,-0.421700
1259.996094,-0.139500,0.096100,0.009100
1269.996094,-0.050600,0.210100,0.324800
